<?xml version="1.0" encoding="UTF-8"?>
<!-- Generated by org.testng.reporters.JUnitReportReporter -->
<testsuite hostname="Kunal" failures="0" tests="1" name="test.SwagLabLogoutTest" time="3.030" errors="0" timestamp="2025-02-21T17:46:52 IST" skipped="0">
  <testcase classname="test.SwagLabLogoutTest" name="UserIsAbleToLogout" time="3.030"/>
</testsuite> <!-- test.SwagLabLogoutTest -->
