<?xml version="1.0" encoding="UTF-8"?>
<!-- Generated by org.testng.reporters.JUnitReportReporter -->
<testsuite hostname="Kunal" failures="0" tests="3" name="test.SwagLabCheckOutTest" time="9.353" errors="0" timestamp="2025-02-21T17:46:52 IST" skipped="0">
  <testcase classname="test.SwagLabCheckOutTest" name="verifycostCalculationOnCheckout" time="3.081"/>
  <testcase classname="test.SwagLabCheckOutTest" name="checkUserGoToHomePageAfterClickingBackToHome" time="3.142"/>
  <testcase classname="test.SwagLabCheckOutTest" name="checkIfUserIsAbleToPlaceOrder" time="3.130"/>
</testsuite> <!-- test.SwagLabCheckOutTest -->
