<?xml version="1.0" encoding="UTF-8"?>
<!-- Generated by org.testng.reporters.JUnitReportReporter -->
<testsuite hostname="Kunal" failures="0" tests="1" name="test.SwagLabCartTest" time="2.977" errors="0" timestamp="2025-02-21T17:46:52 IST" skipped="0">
  <testcase classname="test.SwagLabCartTest" name="UserIsAbleToRemoveFromCart" time="2.977"/>
</testsuite> <!-- test.SwagLabCartTest -->
