<?xml version="1.0" encoding="UTF-8"?>
<!-- Generated by org.testng.reporters.JUnitReportReporter -->
<testsuite hostname="Kunal" failures="0" tests="10" name="test.SwagLabHomeTest" time="30.343" errors="0" timestamp="2025-02-21T17:46:52 IST" skipped="0">
  <testcase classname="test.SwagLabHomeTest" name="CheckUserIsAbleToSortProductsLowtoHigh" time="2.715"/>
  <testcase classname="test.SwagLabHomeTest" name="CheckUserIsAbleToSortProductsAtoZ" time="2.541"/>
  <testcase classname="test.SwagLabHomeTest" name="UserIsAbleToAddMultipleProduct" time="2.908"/>
  <testcase classname="test.SwagLabHomeTest" name="UserIsAbleToRemoveFromHome" time="2.507"/>
  <testcase classname="test.SwagLabHomeTest" name="CheckUserIsAbleToSortProductsHightoLow" time="2.775"/>
  <testcase classname="test.SwagLabHomeTest" name="UserIsAbleToAddProduct" time="2.406"/>
  <testcase classname="test.SwagLabHomeTest" name="CheckTheCorrectProductAddedInCartOrNot" time="2.742"/>
  <testcase classname="test.SwagLabHomeTest" name="UserIsAbleToAceesAboutPage" time="6.379"/>
  <testcase classname="test.SwagLabHomeTest" name="CheckUserIsAbleToSortProductsZtoA" time="2.717"/>
  <testcase classname="test.SwagLabHomeTest" name="UserIsAbleToClickCart" time="2.653"/>
</testsuite> <!-- test.SwagLabHomeTest -->
